Drill report for HV_Safety_Loop.kicad_pcb
Created on 11/14/2023 4:13:30 PM

Copper Layer Stackup:
    =============================================================
    L1 :  F.Cu                      front
    L2 :  B.Cu                      back


Drill file 'HV_Safety_Loop-PTH.drl' contains
    plated through holes:
    =============================================================
    T1  0.400mm  0.0157"  (1 hole)
    T2  1.000mm  0.0394"  (36 holes)
    T3  1.200mm  0.0472"  (11 holes)
    T4  1.400mm  0.0551"  (2 holes)
    T5  1.700mm  0.0669"  (44 holes)
    T6  2.200mm  0.0866"  (2 holes)
    T7  2.700mm  0.1063"  (2 holes)

    Total plated holes count 98


Drill file 'HV_Safety_Loop-NPTH.drl' contains
    unplated through holes:
    =============================================================

    Total unplated holes count 0
